<?xml version="1.0" encoding="UTF-8"?>
<!-- Generated by org.testng.reporters.JUnitReportReporter -->
<testsuite skipped="0" hostname="DESKTOP-FRNMMBE" name="UnifiedApp.HbUnifiedAutomation.EnvSetup" tests="3" failures="0" timestamp="2021-06-24T23:21:43 IST" time="91.137" errors="0">
  <testcase name="selectServer" time="32.197" classname="UnifiedApp.HbUnifiedAutomation.EnvSetup"/>
  <system-out/>
  <testcase name="selectServer" time="28.261" classname="UnifiedApp.HbUnifiedAutomation.EnvSetup"/>
  <system-out/>
  <testcase name="selectServer" time="30.679" classname="UnifiedApp.HbUnifiedAutomation.EnvSetup"/>
  <system-out/>
</testsuite> <!-- UnifiedApp.HbUnifiedAutomation.EnvSetup -->
