<?xml version="1.0" encoding="UTF-8"?>
<!-- Generated by org.testng.reporters.JUnitReportReporter -->
<testsuite hostname="DESKTOP-FRNMMBE" failures="0" tests="1" name="UnifiedApp.HbUnifiedAutomation.EnvSetup" time="24.377" errors="0" timestamp="2021-06-04T23:12:18 IST" skipped="0">
  <testcase classname="UnifiedApp.HbUnifiedAutomation.EnvSetup" name="selectServer" time="24.377"/>
  <system-out/>
</testsuite> <!-- UnifiedApp.HbUnifiedAutomation.EnvSetup -->
