<?xml version="1.0" encoding="UTF-8"?>
<!-- Generated by org.testng.reporters.JUnitReportReporter -->
<testsuite hostname="DESKTOP-FRNMMBE" failures="0" tests="3" name="UnifiedApp.HbUnifiedAutomation.EnvSetup" time="85.187" errors="0" timestamp="2021-06-21T22:55:56 IST" skipped="0">
  <testcase classname="UnifiedApp.HbUnifiedAutomation.EnvSetup" name="selectServer" time="30.925"/>
  <system-out/>
  <testcase classname="UnifiedApp.HbUnifiedAutomation.EnvSetup" name="selectServer" time="27.628"/>
  <system-out/>
  <testcase classname="UnifiedApp.HbUnifiedAutomation.EnvSetup" name="selectServer" time="26.634"/>
  <system-out/>
</testsuite> <!-- UnifiedApp.HbUnifiedAutomation.EnvSetup -->
