<?xml version="1.0" encoding="UTF-8"?>
<!-- Generated by org.testng.reporters.JUnitReportReporter -->
<testsuite hostname="DESKTOP-FRNMMBE" failures="0" tests="1" name="UnifiedApp.HbUnifiedAutomation.EnvSetup" time="25.728" errors="0" timestamp="2021-06-07T23:21:05 IST" skipped="0">
  <testcase classname="UnifiedApp.HbUnifiedAutomation.EnvSetup" name="selectServer" time="25.728"/>
  <system-out/>
</testsuite> <!-- UnifiedApp.HbUnifiedAutomation.EnvSetup -->
