<?xml version="1.0" encoding="UTF-8"?>
<!-- Generated by org.testng.reporters.JUnitReportReporter -->
<testsuite hostname="DESKTOP-FRNMMBE" failures="0" tests="1" name="UnifiedApp.HbUnifiedAutomation.config_control_page" time="20.293" errors="0" timestamp="2021-05-21T11:22:13 IST" skipped="0">
  <testcase classname="UnifiedApp.HbUnifiedAutomation.config_control_page" name="selectServer" time="20.293"/>
  <system-out/>
</testsuite> <!-- UnifiedApp.HbUnifiedAutomation.config_control_page -->
