<?xml version="1.0" encoding="UTF-8"?>
<!-- Generated by org.testng.reporters.JUnitReportReporter -->
<testsuite hostname="DESKTOP-FRNMMBE" failures="0" tests="1" name="UnifiedApp.HbUnifiedAutomation.EnvSetup" time="36.314" errors="0" timestamp="2021-06-06T00:30:37 IST" skipped="0">
  <testcase classname="UnifiedApp.HbUnifiedAutomation.EnvSetup" name="selectServer" time="36.314"/>
  <system-out/>
</testsuite> <!-- UnifiedApp.HbUnifiedAutomation.EnvSetup -->
